<?xml version="1.0" encoding="UTF-8"?>
<!-- Generated by org.testng.reporters.JUnitReportReporter -->
<testsuite hostname="DESKTOP-A3I7V83" failures="0" tests="5" name="intro.Invocation_Count" time="0.048" errors="0" timestamp="2023-07-25T19:22:57 IST" skipped="0">
  <testcase classname="intro.Invocation_Count" name="m1" time="0.023"/>
  <testcase classname="intro.Invocation_Count" name="m1" time="0.011"/>
  <testcase classname="intro.Invocation_Count" name="m1" time="0.005"/>
  <testcase classname="intro.Invocation_Count" name="m1" time="0.004"/>
  <testcase classname="intro.Invocation_Count" name="m1" time="0.005"/>
</testsuite> <!-- intro.Invocation_Count -->
