<?xml version="1.0" encoding="UTF-8"?>
<!-- Generated by org.testng.reporters.JUnitReportReporter -->
<testsuite hostname="DESKTOP-A3I7V83" failures="0" tests="4" name="intro.dataProvider" time="0.058" errors="0" timestamp="2023-07-24T20:12:16 IST" skipped="0">
  <testcase classname="intro.dataProvider" name="login" time="0.005"/>
  <testcase classname="intro.dataProvider" name="login" time="0.006"/>
  <testcase classname="intro.dataProvider" name="login" time="0.033"/>
  <testcase classname="intro.dataProvider" name="login" time="0.014"/>
</testsuite> <!-- intro.dataProvider -->
