<?xml version="1.0" encoding="UTF-8"?>
<!-- Generated by org.testng.reporters.JUnitReportReporter -->
<testsuite hostname="DESKTOP-A3I7V83" failures="0" tests="2" name="intro.BeforeClass_AfterClass" time="0.017" errors="0" timestamp="2023-07-25T19:02:07 IST" skipped="0">
  <testcase classname="intro.BeforeClass_AfterClass" name="login" time="0.014"/>
  <testcase classname="intro.BeforeClass_AfterClass" name="search" time="0.003"/>
</testsuite> <!-- intro.BeforeClass_AfterClass -->
