<?xml version="1.0" encoding="UTF-8"?>
<!-- Generated by org.testng.reporters.JUnitReportReporter -->
<testsuite hostname="DESKTOP-A3I7V83" failures="0" tests="2" name="intro.BeforeSuit_AfterSuit" time="0.026" errors="0" timestamp="2023-07-25T19:07:46 IST" skipped="0">
  <testcase classname="intro.BeforeSuit_AfterSuit" name="login" time="0.015"/>
  <testcase classname="intro.BeforeSuit_AfterSuit" name="search" time="0.011"/>
</testsuite> <!-- intro.BeforeSuit_AfterSuit -->
