<?xml version="1.0" encoding="UTF-8"?>
<!-- Generated by org.testng.reporters.JUnitReportReporter -->
<testsuite hostname="DESKTOP-A3I7V83" failures="0" tests="4" name="intro.Demo" time="0.032" errors="0" timestamp="2023-07-20T16:08:35 IST" skipped="0">
  <testcase classname="intro.Demo" name="xyz" time="0.005"/>
  <testcase classname="intro.Demo" name="exampleOfTestNgMaven" time="0.005"/>
  <testcase classname="intro.Demo" name="zyx" time="0.004"/>
  <testcase classname="intro.Demo" name="addition" time="0.018"/>
</testsuite> <!-- intro.Demo -->
