<?xml version="1.0" encoding="UTF-8"?>
<!-- Generated by org.testng.reporters.JUnitReportReporter -->
<testsuite hostname="DESKTOP-A3I7V83" failures="0" tests="2" name="intro.BeforeTest_AfterTest" time="0.017" errors="0" timestamp="2023-07-25T19:02:30 IST" skipped="0">
  <testcase classname="intro.BeforeTest_AfterTest" name="login" time="0.013"/>
  <testcase classname="intro.BeforeTest_AfterTest" name="search" time="0.004"/>
</testsuite> <!-- intro.BeforeTest_AfterTest -->
