<?xml version="1.0" encoding="UTF-8"?>
<!-- Generated by org.testng.reporters.JUnitReportReporter -->
<testsuite hostname="DESKTOP-A3I7V83" failures="0" tests="4" name="intro.Test1" time="0.034" errors="0" timestamp="2023-07-20T16:23:48 IST" skipped="0">
  <testcase classname="intro.Test1" name="goToTheLink" time="0.019"/>
  <testcase classname="intro.Test1" name="logout" time="0.008"/>
  <testcase classname="intro.Test1" name="login" time="0.005"/>
  <testcase classname="intro.Test1" name="search" time="0.002"/>
</testsuite> <!-- intro.Test1 -->
