<?xml version="1.0" encoding="UTF-8"?>
<!-- Generated by org.testng.reporters.JUnitReportReporter -->
<testsuite hostname="ashwinichaudhari-testng-3od4g3dg5jp" failures="0" tests="4" name="intro.Test1" time="0.002" errors="0" timestamp="2024-02-18T07:53:53 UTC" skipped="0">
  <testcase classname="intro.Test1" name="goToTheLink" time="0.000"/>
  <testcase classname="intro.Test1" name="logout" time="0.001"/>
  <testcase classname="intro.Test1" name="login" time="0.000"/>
  <testcase classname="intro.Test1" name="search" time="0.001"/>
</testsuite> <!-- intro.Test1 -->
