<?xml version="1.0" encoding="UTF-8"?>
<!-- Generated by org.testng.reporters.JUnitReportReporter -->
<testsuite hostname="ashwinichaudhari-testng-3od4g3dg5jp" failures="0" tests="2" name="intro.BeforeTest_AfterTest" time="0.001" errors="0" timestamp="2024-02-18T07:53:53 UTC" skipped="0">
  <testcase classname="intro.BeforeTest_AfterTest" name="login" time="0.001"/>
  <testcase classname="intro.BeforeTest_AfterTest" name="search" time="0.000"/>
</testsuite> <!-- intro.BeforeTest_AfterTest -->
